This is pdfTeX, Version 3.1415926-2.5-1.40.14 (TeX Live 2013/Debian) (format=pdflatex 2016.5.11)  17 NOV 2016 09:38
entering extended mode
 restricted \write18 enabled.
 %&-line parsing enabled.
**fullSample.tex
(./fullSample.tex
LaTeX2e <2011/06/27>
Babel <3.9h> and hyphenation patterns for 2 languages loaded.
(/usr/share/texlive/texmf-dist/tex/latex/base/report.cls
Document Class: report 2007/10/19 v1.4h Standard LaTeX document class
(/usr/share/texlive/texmf-dist/tex/latex/base/size10.clo
File: size10.clo 2007/10/19 v1.4h Standard LaTeX file (size option)
)
\c@part=\count79
\c@chapter=\count80
\c@section=\count81
\c@subsection=\count82
\c@subsubsection=\count83
\c@paragraph=\count84
\c@subparagraph=\count85
\c@figure=\count86
\c@table=\count87
\abovecaptionskip=\skip41
\belowcaptionskip=\skip42
\bibindent=\dimen102
)
(/usr/share/texlive/texmf-dist/tex/latex/graphics/graphicx.sty
Package: graphicx 1999/02/16 v1.0f Enhanced LaTeX Graphics (DPC,SPQR)

(/usr/share/texlive/texmf-dist/tex/latex/graphics/keyval.sty
Package: keyval 1999/03/16 v1.13 key=value parser (DPC)
\KV@toks@=\toks14
)
(/usr/share/texlive/texmf-dist/tex/latex/graphics/graphics.sty
Package: graphics 2009/02/05 v1.0o Standard LaTeX Graphics (DPC,SPQR)

(/usr/share/texlive/texmf-dist/tex/latex/graphics/trig.sty
Package: trig 1999/03/16 v1.09 sin cos tan (DPC)
)
(/usr/share/texlive/texmf-dist/tex/latex/latexconfig/graphics.cfg
File: graphics.cfg 2010/04/23 v1.9 graphics configuration of TeX Live
)
Package graphics Info: Driver file: pdftex.def on input line 91.

(/usr/share/texlive/texmf-dist/tex/latex/pdftex-def/pdftex.def
File: pdftex.def 2011/05/27 v0.06d Graphics/color for pdfTeX

(/usr/share/texlive/texmf-dist/tex/generic/oberdiek/infwarerr.sty
Package: infwarerr 2010/04/08 v1.3 Providing info/warning/error messages (HO)
)
(/usr/share/texlive/texmf-dist/tex/generic/oberdiek/ltxcmds.sty
Package: ltxcmds 2011/11/09 v1.22 LaTeX kernel commands for general use (HO)
)
\Gread@gobject=\count88
))
\Gin@req@height=\dimen103
\Gin@req@width=\dimen104
)
(/usr/share/texlive/texmf-dist/tex/latex/paracol/paracol.sty
Package: paracol 2013/10/10 v1.31 
\pcol@currcol=\count89
\pcol@nextcol=\count90
\pcol@ncol=\count91
\pcol@ncolleft=\count92
\pcol@page=\count93
\pcol@basepage=\count94
\pcol@toppage=\count95
\pcol@footnotebase=\count96
\pcol@nfootnotes=\count97
\pcol@mcid=\count98
\pcol@prevdepth=\dimen105
\pcol@colht=\dimen106
\pcol@textfloatsep=\dimen107
\pcol@lrmargin=\dimen108
\pagerim=\dimen109
\pcol@topskip=\skip43
\pcol@topfnotes=\box26
\pcol@prespan=\box27
\pcol@rightpage=\box28
\pcol@tempbox=\box29
\pcol@everyvbox=\toks15
)
(/usr/share/texlive/texmf-dist/tex/latex/blindtext/blindtext.sty
Package: blindtext 2012/01/06 V2.0 blindtext-Package

(/usr/share/texlive/texmf-dist/tex/latex/tools/xspace.sty
Package: xspace 2009/10/20 v1.13 Space after command names (DPC,MH)
)
\c@blindtext=\count99
\c@Blindtext=\count100
\c@blind@countparstart=\count101
\blind@countxx=\count102
\blindtext@numBlindtext=\count103
\blind@countyy=\count104
\c@blindlist=\count105
\c@blindlistlevel=\count106
\c@blindlist@level=\count107
\blind@listitem=\count108
\c@blind@listcount=\count109
\c@blind@levelcount=\count110
\blind@mathformula=\count111
\blind@Mathformula=\count112
\c@blind@randomcount=\count113
\c@blind@randommax=\count114
\c@blind@pangramcount=\count115
\c@blind@pangrammax=\count116
)
(/usr/share/texlive/texmf-dist/tex/latex/enumitem/enumitem.sty
Package: enumitem 2011/09/28 v3.5.2 Customized lists
\labelindent=\skip44
\enit@outerparindent=\dimen110
\enit@toks=\toks16
\enit@inbox=\box30
\enitdp@description=\count117
)
(/usr/share/texlive/texmf-dist/tex/latex/tools/verbatim.sty
Package: verbatim 2003/08/22 v1.5q LaTeX2e package for verbatim enhancements
\every@verbatim=\toks17
\verbatim@line=\toks18
\verbatim@in@stream=\read1
)
(/usr/share/texlive/texmf-dist/tex/latex/fancyhdr/fancyhdr.sty
\fancy@headwidth=\skip45
\f@ncyO@elh=\skip46
\f@ncyO@erh=\skip47
\f@ncyO@olh=\skip48
\f@ncyO@orh=\skip49
\f@ncyO@elf=\skip50
\f@ncyO@erf=\skip51
\f@ncyO@olf=\skip52
\f@ncyO@orf=\skip53
)
(/usr/share/texmf/tex/latex/xcolor/xcolor.sty
Package: xcolor 2007/01/21 v2.11 LaTeX color extensions (UK)

(/usr/share/texlive/texmf-dist/tex/latex/latexconfig/color.cfg
File: color.cfg 2007/01/18 v1.5 color configuration of teTeX/TeXLive
)
Package xcolor Info: Driver file: pdftex.def on input line 225.
Package xcolor Info: Model `cmy' substituted by `cmy0' on input line 1337.
Package xcolor Info: Model `hsb' substituted by `rgb' on input line 1341.
Package xcolor Info: Model `RGB' extended on input line 1353.
Package xcolor Info: Model `HTML' substituted by `rgb' on input line 1355.
Package xcolor Info: Model `Hsb' substituted by `hsb' on input line 1356.
Package xcolor Info: Model `tHsb' substituted by `hsb' on input line 1357.
Package xcolor Info: Model `HSB' substituted by `hsb' on input line 1358.
Package xcolor Info: Model `Gray' substituted by `gray' on input line 1359.
Package xcolor Info: Model `wave' substituted by `hsb' on input line 1360.
)
(/usr/share/texlive/texmf-dist/tex/latex/hyperref/hyperref.sty
Package: hyperref 2012/11/06 v6.83m Hypertext links for LaTeX

(/usr/share/texlive/texmf-dist/tex/generic/oberdiek/hobsub-hyperref.sty
Package: hobsub-hyperref 2012/05/28 v1.13 Bundle oberdiek, subset hyperref (HO)


(/usr/share/texlive/texmf-dist/tex/generic/oberdiek/hobsub-generic.sty
Package: hobsub-generic 2012/05/28 v1.13 Bundle oberdiek, subset generic (HO)
Package: hobsub 2012/05/28 v1.13 Construct package bundles (HO)
Package hobsub Info: Skipping package `infwarerr' (already loaded).
Package hobsub Info: Skipping package `ltxcmds' (already loaded).
Package: ifluatex 2010/03/01 v1.3 Provides the ifluatex switch (HO)
Package ifluatex Info: LuaTeX not detected.
Package: ifvtex 2010/03/01 v1.5 Detect VTeX and its facilities (HO)
Package ifvtex Info: VTeX not detected.
Package: intcalc 2007/09/27 v1.1 Expandable calculations with integers (HO)
Package: ifpdf 2011/01/30 v2.3 Provides the ifpdf switch (HO)
Package ifpdf Info: pdfTeX in PDF mode is detected.
Package: etexcmds 2011/02/16 v1.5 Avoid name clashes with e-TeX commands (HO)
Package etexcmds Info: Could not find \expanded.
(etexcmds)             That can mean that you are not using pdfTeX 1.50 or
(etexcmds)             that some package has redefined \expanded.
(etexcmds)             In the latter case, load this package earlier.
Package: kvsetkeys 2012/04/25 v1.16 Key value parser (HO)
Package: kvdefinekeys 2011/04/07 v1.3 Define keys (HO)
Package: pdftexcmds 2011/11/29 v0.20 Utility functions of pdfTeX for LuaTeX (HO
)
Package pdftexcmds Info: LuaTeX not detected.
Package pdftexcmds Info: \pdf@primitive is available.
Package pdftexcmds Info: \pdf@ifprimitive is available.
Package pdftexcmds Info: \pdfdraftmode found.
Package: pdfescape 2011/11/25 v1.13 Implements pdfTeX's escape features (HO)
Package: bigintcalc 2012/04/08 v1.3 Expandable calculations on big integers (HO
)
Package: bitset 2011/01/30 v1.1 Handle bit-vector datatype (HO)
Package: uniquecounter 2011/01/30 v1.2 Provide unlimited unique counter (HO)
)
Package hobsub Info: Skipping package `hobsub' (already loaded).
Package: letltxmacro 2010/09/02 v1.4 Let assignment for LaTeX macros (HO)
Package: hopatch 2012/05/28 v1.2 Wrapper for package hooks (HO)
Package: xcolor-patch 2011/01/30 xcolor patch
Package: atveryend 2011/06/30 v1.8 Hooks at the very end of document (HO)
Package atveryend Info: \enddocument detected (standard20110627).
Package: atbegshi 2011/10/05 v1.16 At begin shipout hook (HO)
Package: refcount 2011/10/16 v3.4 Data extraction from label references (HO)
Package: hycolor 2011/01/30 v1.7 Color options for hyperref/bookmark (HO)
)
(/usr/share/texlive/texmf-dist/tex/generic/ifxetex/ifxetex.sty
Package: ifxetex 2010/09/12 v0.6 Provides ifxetex conditional
)
(/usr/share/texlive/texmf-dist/tex/latex/oberdiek/auxhook.sty
Package: auxhook 2011/03/04 v1.3 Hooks for auxiliary files (HO)
)
(/usr/share/texlive/texmf-dist/tex/latex/oberdiek/kvoptions.sty
Package: kvoptions 2011/06/30 v3.11 Key value format for package options (HO)
)
\@linkdim=\dimen111
\Hy@linkcounter=\count118
\Hy@pagecounter=\count119

(/usr/share/texlive/texmf-dist/tex/latex/hyperref/pd1enc.def
File: pd1enc.def 2012/11/06 v6.83m Hyperref: PDFDocEncoding definition (HO)
)
\Hy@SavedSpaceFactor=\count120

(/usr/share/texlive/texmf-dist/tex/latex/latexconfig/hyperref.cfg
File: hyperref.cfg 2002/06/06 v1.2 hyperref configuration of TeXLive
)
Package hyperref Info: Hyper figures OFF on input line 4443.
Package hyperref Info: Link nesting OFF on input line 4448.
Package hyperref Info: Hyper index ON on input line 4451.
Package hyperref Info: Plain pages OFF on input line 4458.
Package hyperref Info: Backreferencing OFF on input line 4463.
Package hyperref Info: Implicit mode ON; LaTeX internals redefined.
Package hyperref Info: Bookmarks ON on input line 4688.
\c@Hy@tempcnt=\count121

(/usr/share/texlive/texmf-dist/tex/latex/url/url.sty
\Urlmuskip=\muskip10
Package: url 2013/09/16  ver 3.4  Verb mode for urls, etc.
)
LaTeX Info: Redefining \url on input line 5041.
\XeTeXLinkMargin=\dimen112
\Fld@menulength=\count122
\Field@Width=\dimen113
\Fld@charsize=\dimen114
Package hyperref Info: Hyper figures OFF on input line 6295.
Package hyperref Info: Link nesting OFF on input line 6300.
Package hyperref Info: Hyper index ON on input line 6303.
Package hyperref Info: backreferencing OFF on input line 6310.
Package hyperref Info: Link coloring OFF on input line 6315.
Package hyperref Info: Link coloring with OCG OFF on input line 6320.
Package hyperref Info: PDF/A mode OFF on input line 6325.
LaTeX Info: Redefining \ref on input line 6365.
LaTeX Info: Redefining \pageref on input line 6369.
\Hy@abspage=\count123
\c@Item=\count124
\c@Hfootnote=\count125
)

Package hyperref Message: Driver (autodetected): hpdftex.

(/usr/share/texlive/texmf-dist/tex/latex/hyperref/hpdftex.def
File: hpdftex.def 2012/11/06 v6.83m Hyperref driver for pdfTeX
\Fld@listcount=\count126
\c@bookmark@seq@number=\count127

(/usr/share/texlive/texmf-dist/tex/latex/oberdiek/rerunfilecheck.sty
Package: rerunfilecheck 2011/04/15 v1.7 Rerun checks for auxiliary files (HO)
Package uniquecounter Info: New unique counter `rerunfilecheck' on input line 2
82.
)
\Hy@SectionHShift=\skip54
)
Package hyperref Info: Option `colorlinks' set `true' on input line 22.

No file fullSample.aux.
\openout1 = `fullSample.aux'.

LaTeX Font Info:    Checking defaults for OML/cmm/m/it on input line 24.
LaTeX Font Info:    ... okay on input line 24.
LaTeX Font Info:    Checking defaults for T1/cmr/m/n on input line 24.
LaTeX Font Info:    ... okay on input line 24.
LaTeX Font Info:    Checking defaults for OT1/cmr/m/n on input line 24.
LaTeX Font Info:    ... okay on input line 24.
LaTeX Font Info:    Checking defaults for OMS/cmsy/m/n on input line 24.
LaTeX Font Info:    ... okay on input line 24.
LaTeX Font Info:    Checking defaults for OMX/cmex/m/n on input line 24.
LaTeX Font Info:    ... okay on input line 24.
LaTeX Font Info:    Checking defaults for U/cmr/m/n on input line 24.
LaTeX Font Info:    ... okay on input line 24.
LaTeX Font Info:    Checking defaults for PD1/pdf/m/n on input line 24.
LaTeX Font Info:    ... okay on input line 24.
(/usr/share/texlive/texmf-dist/tex/context/base/supp-pdf.mkii
[Loading MPS to PDF converter (version 2006.09.02).]
\scratchcounter=\count128
\scratchdimen=\dimen115
\scratchbox=\box31
\nofMPsegments=\count129
\nofMParguments=\count130
\everyMPshowfont=\toks19
\MPscratchCnt=\count131
\MPscratchDim=\dimen116
\MPnumerator=\count132
\makeMPintoPDFobject=\count133
\everyMPtoPDFconversion=\toks20
) (/usr/share/texlive/texmf-dist/tex/latex/oberdiek/epstopdf-base.sty
Package: epstopdf-base 2010/02/09 v2.5 Base part for package epstopdf

(/usr/share/texlive/texmf-dist/tex/latex/oberdiek/grfext.sty
Package: grfext 2010/08/19 v1.1 Manage graphics extensions (HO)
)
Package grfext Info: Graphics extension search list:
(grfext)             [.png,.pdf,.jpg,.mps,.jpeg,.jbig2,.jb2,.PNG,.PDF,.JPG,.JPE
G,.JBIG2,.JB2,.eps]
(grfext)             \AppendGraphicsExtensions on input line 452.

(/usr/share/texlive/texmf-dist/tex/latex/latexconfig/epstopdf-sys.cfg
File: epstopdf-sys.cfg 2010/07/13 v1.3 Configuration of (r)epstopdf for TeX Liv
e
))
\AtBeginShipoutBox=\box32
Package hyperref Info: Link coloring ON on input line 24.

(/usr/share/texlive/texmf-dist/tex/latex/hyperref/nameref.sty
Package: nameref 2012/10/27 v2.43 Cross-referencing by name of section

(/usr/share/texlive/texmf-dist/tex/generic/oberdiek/gettitlestring.sty
Package: gettitlestring 2010/12/03 v1.4 Cleanup title references (HO)
)
\c@section@level=\count134
)
LaTeX Info: Redefining \ref on input line 24.
LaTeX Info: Redefining \pageref on input line 24.
LaTeX Info: Redefining \nameref on input line 24.
\@outlinefile=\write3
\openout3 = `fullSample.out'.

LaTeX Font Info:    External font `cmex10' loaded for size
(Font)              <12> on input line 27.
LaTeX Font Info:    External font `cmex10' loaded for size
(Font)              <8> on input line 27.
LaTeX Font Info:    External font `cmex10' loaded for size
(Font)              <6> on input line 27.

[1

{/var/lib/texmf/fonts/map/pdftex/updmap/pdftex.map}]
Chapter 1.
pdfTeX warning (ext4): destination with the same identifier (name{page.1}) has 
been already used, duplicate ignored
<to be read again> 
                   \relax 
l.38 ...bf{Prompt:} \textit{Some indicator text.}]
                                                   [1

]
LaTeX Font Info:    External font `cmex10' loaded for size
(Font)              <7> on input line 45.
LaTeX Font Info:    External font `cmex10' loaded for size
(Font)              <5> on input line 45.
LaTeX Font Info:    Try loading font information for OMS+cmr on input line 62.

(/usr/share/texlive/texmf-dist/tex/latex/base/omscmr.fd
File: omscmr.fd 1999/05/25 v2.5h Standard LaTeX font definitions
)
LaTeX Font Info:    Font shape `OMS/cmr/m/n' in size <10> not available
(Font)              Font shape `OMS/cmsy/m/n' tried instead on input line 62.

Overfull \hbox (3.13806pt too wide) in paragraph at lines 66--66
[]\OT1/cmr/m/n/10 Lorem ip-sum do-lor sit
 []


Overfull \hbox (14.80472pt too wide) in paragraph at lines 66--66
\OT1/cmr/m/n/10 amet, con-sectetuer adip-
 []


Overfull \hbox (11.85106pt too wide) in paragraph at lines 66--66
\OT1/cmr/m/n/10 isc-ing elit. Etiam lobor-
 []


Overfull \hbox (4.74916pt too wide) in paragraph at lines 66--66
\OT1/cmr/m/n/10 Prae-sent im-perdiet mi
 []


Overfull \hbox (4.8325pt too wide) in paragraph at lines 66--66
\OT1/cmr/m/n/10 so-dales com-modo, lec-
 []


Overfull \hbox (1.90656pt too wide) in paragraph at lines 66--66
\OT1/cmr/m/n/10 sent in sapien. Lorem
 []


Overfull \hbox (1.57327pt too wide) in paragraph at lines 66--66
\OT1/cmr/m/n/10 ing elit. Duis fringilla
 []


Overfull \hbox (6.22139pt too wide) in paragraph at lines 66--66
\OT1/cmr/m/n/10 in-ter-dum libero ut me-
 []


Overfull \hbox (6.87875pt too wide) in paragraph at lines 66--66
\OT1/cmr/m/n/10 tus. Pel-len-tesque plac-
 []


Overfull \hbox (3.93437pt too wide) in paragraph at lines 66--66
\OT1/cmr/m/n/10 erat. Nam rutrum au-
 []


Overfull \hbox (9.02693pt too wide) in paragraph at lines 66--66
\OT1/cmr/m/n/10 elit sit amet ante lobor-
 []


Overfull \hbox (0.51768pt too wide) in paragraph at lines 66--66
\OT1/cmr/m/n/10 tis sol-lic-i-tudin. Prae-
 []


Overfull \hbox (0.8232pt too wide) in paragraph at lines 66--66
\OT1/cmr/m/n/10 mau-ris. Prae-sent lec-
 []


Overfull \hbox (1.24916pt too wide) in paragraph at lines 66--66
\OT1/cmr/m/n/10 lacinia lorem sit amet
 []


Overfull \hbox (7.60104pt too wide) in paragraph at lines 66--66
\OT1/cmr/m/n/10 ip-sum. Nunc quis urna
 []


Overfull \hbox (1.24916pt too wide) in paragraph at lines 66--66
\OT1/cmr/m/n/10 dic-tum turpis ac-cum-
 []


Overfull \hbox (3.22137pt too wide) in paragraph at lines 67--68
[]\OT1/cmr/m/n/10 This is the com-pelling
 []

[2]
Overfull \hbox (9.05475pt too wide) in paragraph at lines 98--99
[]\OT1/cmr/m/n/10 Some stuff about some-
 []


Overfull \hbox (3.22137pt too wide) in paragraph at lines 100--101
[]\OT1/cmr/m/n/10 This is the com-pelling
 []


Overfull \hbox (9.05475pt too wide) in paragraph at lines 123--124
[]\OT1/cmr/m/n/10 Some stuff about some-
 []

[3]
Overfull \hbox (19.74803pt too wide) in paragraph at lines 124--125
[][][] $\OT1/cmtt/m/n/10 https : / / drive . google .
 []


Overfull \hbox (56.49771pt too wide) in paragraph at lines 124--125
\OT1/cmtt/m/n/10 com / a / cmis . ac . th / folderview ?
 []


Overfull \hbox (77.49753pt too wide) in paragraph at lines 124--125
\OT1/cmtt/m/n/10 id = 0ByVFfrm0zfolWE0yenprdktGVlk &
 []


Overfull \hbox (3.22137pt too wide) in paragraph at lines 125--126
[]\OT1/cmr/m/n/10 This is the com-pelling
 []

[4]
Overfull \hbox (3.13806pt too wide) in paragraph at lines 167--167
[]\OT1/cmr/m/n/10 Lorem ip-sum do-lor sit
 []


Overfull \hbox (14.80472pt too wide) in paragraph at lines 167--167
\OT1/cmr/m/n/10 amet, con-sectetuer adip-
 []


Overfull \hbox (11.85106pt too wide) in paragraph at lines 167--167
\OT1/cmr/m/n/10 isc-ing elit. Etiam lobor-
 []


Overfull \hbox (4.74916pt too wide) in paragraph at lines 167--167
\OT1/cmr/m/n/10 Prae-sent im-perdiet mi
 []


Overfull \hbox (4.8325pt too wide) in paragraph at lines 167--167
\OT1/cmr/m/n/10 so-dales com-modo, lec-
 []


Overfull \hbox (1.90656pt too wide) in paragraph at lines 167--167
\OT1/cmr/m/n/10 sent in sapien. Lorem
 []


Overfull \hbox (1.57327pt too wide) in paragraph at lines 167--167
\OT1/cmr/m/n/10 ing elit. Duis fringilla
 []


Overfull \hbox (6.22139pt too wide) in paragraph at lines 167--167
\OT1/cmr/m/n/10 in-ter-dum libero ut me-
 []


Overfull \hbox (6.87875pt too wide) in paragraph at lines 167--167
\OT1/cmr/m/n/10 tus. Pel-len-tesque plac-
 []


Overfull \hbox (3.93437pt too wide) in paragraph at lines 167--167
\OT1/cmr/m/n/10 erat. Nam rutrum au-
 []


Overfull \hbox (9.02693pt too wide) in paragraph at lines 167--167
\OT1/cmr/m/n/10 elit sit amet ante lobor-
 []


Overfull \hbox (0.51768pt too wide) in paragraph at lines 167--167
\OT1/cmr/m/n/10 tis sol-lic-i-tudin. Prae-
 []


Overfull \hbox (0.8232pt too wide) in paragraph at lines 167--167
\OT1/cmr/m/n/10 mau-ris. Prae-sent lec-
 []


Overfull \hbox (1.24916pt too wide) in paragraph at lines 167--167
\OT1/cmr/m/n/10 lacinia lorem sit amet
 []


Overfull \hbox (7.60104pt too wide) in paragraph at lines 167--167
\OT1/cmr/m/n/10 ip-sum. Nunc quis urna
 []


Overfull \hbox (1.24916pt too wide) in paragraph at lines 167--167
\OT1/cmr/m/n/10 dic-tum turpis ac-cum-
 []

[5]
Overfull \hbox (3.22137pt too wide) in paragraph at lines 168--169
[]\OT1/cmr/m/n/10 This is the com-pelling
 []


Overfull \hbox (9.05475pt too wide) in paragraph at lines 199--200
[]\OT1/cmr/m/n/10 Some stuff about some-
 []


Overfull \hbox (3.22137pt too wide) in paragraph at lines 201--202
[]\OT1/cmr/m/n/10 This is the com-pelling
 []

[6]
Overfull \hbox (9.05475pt too wide) in paragraph at lines 224--225
[]\OT1/cmr/m/n/10 Some stuff about some-
 []


Overfull \hbox (19.74803pt too wide) in paragraph at lines 225--226
[][][] $\OT1/cmtt/m/n/10 https : / / drive . google .
 []


Overfull \hbox (56.49771pt too wide) in paragraph at lines 225--226
\OT1/cmtt/m/n/10 com / a / cmis . ac . th / folderview ?
 []


Overfull \hbox (77.49753pt too wide) in paragraph at lines 225--226
\OT1/cmtt/m/n/10 id = 0ByVFfrm0zfolWE0yenprdktGVlk &
 []


Overfull \hbox (3.22137pt too wide) in paragraph at lines 226--227
[]\OT1/cmr/m/n/10 This is the com-pelling
 []

[7]
Overfull \hbox (1.43962pt too wide) in paragraph at lines 235--235
[] \OT1/cmr/bx/n/14.4 Sup-port for Stu-dent Per-sonal and Aca-demic
 []

[8]
Overfull \hbox (3.13806pt too wide) in paragraph at lines 272--272
[]\OT1/cmr/m/n/10 Lorem ip-sum do-lor sit
 []


Overfull \hbox (14.80472pt too wide) in paragraph at lines 272--272
\OT1/cmr/m/n/10 amet, con-sectetuer adip-
 []


Overfull \hbox (11.85106pt too wide) in paragraph at lines 272--272
\OT1/cmr/m/n/10 isc-ing elit. Etiam lobor-
 []


Overfull \hbox (4.74916pt too wide) in paragraph at lines 272--272
\OT1/cmr/m/n/10 Prae-sent im-perdiet mi
 []


Overfull \hbox (4.8325pt too wide) in paragraph at lines 272--272
\OT1/cmr/m/n/10 so-dales com-modo, lec-
 []


Overfull \hbox (1.90656pt too wide) in paragraph at lines 272--272
\OT1/cmr/m/n/10 sent in sapien. Lorem
 []


Overfull \hbox (1.57327pt too wide) in paragraph at lines 272--272
\OT1/cmr/m/n/10 ing elit. Duis fringilla
 []


Overfull \hbox (6.22139pt too wide) in paragraph at lines 272--272
\OT1/cmr/m/n/10 in-ter-dum libero ut me-
 []


Overfull \hbox (6.87875pt too wide) in paragraph at lines 272--272
\OT1/cmr/m/n/10 tus. Pel-len-tesque plac-
 []


Overfull \hbox (3.93437pt too wide) in paragraph at lines 272--272
\OT1/cmr/m/n/10 erat. Nam rutrum au-
 []


Overfull \hbox (9.02693pt too wide) in paragraph at lines 272--272
\OT1/cmr/m/n/10 elit sit amet ante lobor-
 []


Overfull \hbox (0.51768pt too wide) in paragraph at lines 272--272
\OT1/cmr/m/n/10 tis sol-lic-i-tudin. Prae-
 []


Overfull \hbox (0.8232pt too wide) in paragraph at lines 272--272
\OT1/cmr/m/n/10 mau-ris. Prae-sent lec-
 []


Overfull \hbox (1.24916pt too wide) in paragraph at lines 272--272
\OT1/cmr/m/n/10 lacinia lorem sit amet
 []


Overfull \hbox (7.60104pt too wide) in paragraph at lines 272--272
\OT1/cmr/m/n/10 ip-sum. Nunc quis urna
 []


Overfull \hbox (1.24916pt too wide) in paragraph at lines 272--272
\OT1/cmr/m/n/10 dic-tum turpis ac-cum-
 []

[9]
Overfull \hbox (3.22137pt too wide) in paragraph at lines 273--274
[]\OT1/cmr/m/n/10 This is the com-pelling
 []


Overfull \hbox (9.05475pt too wide) in paragraph at lines 304--305
[]\OT1/cmr/m/n/10 Some stuff about some-
 []


Overfull \hbox (3.22137pt too wide) in paragraph at lines 306--307
[]\OT1/cmr/m/n/10 This is the com-pelling
 []

[10]
Overfull \hbox (9.05475pt too wide) in paragraph at lines 329--330
[]\OT1/cmr/m/n/10 Some stuff about some-
 []


Overfull \hbox (19.74803pt too wide) in paragraph at lines 330--331
[][][] $\OT1/cmtt/m/n/10 https : / / drive . google .
 []


Overfull \hbox (56.49771pt too wide) in paragraph at lines 330--331
\OT1/cmtt/m/n/10 com / a / cmis . ac . th / folderview ?
 []


Overfull \hbox (77.49753pt too wide) in paragraph at lines 330--331
\OT1/cmtt/m/n/10 id = 0ByVFfrm0zfolWE0yenprdktGVlk &
 []


Overfull \hbox (3.22137pt too wide) in paragraph at lines 331--332
[]\OT1/cmr/m/n/10 This is the com-pelling
 []

[11]
Package atveryend Info: Empty hook `BeforeClearDocument' on input line 336.
 [12]
Package atveryend Info: Empty hook `AfterLastShipout' on input line 336.
 (./fullSample.aux)
Package atveryend Info: Executing hook `AtVeryEndDocument' on input line 336.
Package atveryend Info: Executing hook `AtEndAfterFileList' on input line 336.


Package rerunfilecheck Warning: File `fullSample.out' has changed.
(rerunfilecheck)                Rerun to get outlines right
(rerunfilecheck)                or use package `bookmark'.

Package rerunfilecheck Info: Checksums for `fullSample.out':
(rerunfilecheck)             Before: <no file>
(rerunfilecheck)             After:  F5BC135B1690E4C5FC690AE5D966C302;1054.
Package atveryend Info: Empty hook `AtVeryVeryEnd' on input line 336.
 ) 
Here is how much of TeX's memory you used:
 6882 strings out of 495028
 102957 string characters out of 6181497
 199242 words of memory out of 5000000
 10026 multiletter control sequences out of 15000+600000
 9322 words of font info for 33 fonts, out of 8000000 for 9000
 14 hyphenation exceptions out of 8191
 29i,11n,43p,242b,705s stack positions out of 5000i,500n,10000p,200000b,80000s
</usr/share/texlive/texmf-dist/fonts/type1/public/amsfonts/cm/cmbx10.pfb></us
r/share/texlive/texmf-dist/fonts/type1/public/amsfonts/cm/cmbx12.pfb></usr/shar
e/texlive/texmf-dist/fonts/type1/public/amsfonts/cm/cmr10.pfb></usr/share/texli
ve/texmf-dist/fonts/type1/public/amsfonts/cm/cmr12.pfb></usr/share/texlive/texm
f-dist/fonts/type1/public/amsfonts/cm/cmr17.pfb></usr/share/texlive/texmf-dist/
fonts/type1/public/amsfonts/cm/cmsy10.pfb></usr/share/texlive/texmf-dist/fonts/
type1/public/amsfonts/cm/cmti10.pfb></usr/share/texlive/texmf-dist/fonts/type1/
public/amsfonts/cm/cmtt10.pfb>
Output written on fullSample.pdf (13 pages, 121704 bytes).
PDF statistics:
 132 PDF objects out of 1000 (max. 8388607)
 107 compressed objects within 2 object streams
 26 named destinations out of 1000 (max. 500000)
 1 words of extra memory for PDF output out of 10000 (max. 10000000)

