\BOOKMARK [0][-]{chapter.1}{Preface}{}% 1
\BOOKMARK [0][-]{chapter.2}{Student/Community Profile and Supporting Data and Findings}{}% 2
\BOOKMARK [0][-]{chapter.3}{Progress Report}{}% 3
\BOOKMARK [0][-]{chapter.4}{Student/Community Profile Summary}{}% 4
\BOOKMARK [0][-]{chapter.5}{Self-Study Findings}{}% 5
\BOOKMARK [1][-]{section.5.1}{Orgianization for Student Learning}{chapter.5}% 6
\BOOKMARK [1][-]{section.5.2}{Curriculum, Instruction, and Assessment}{chapter.5}% 7
\BOOKMARK [2][-]{subsection.5.2.1}{Current Educational Research and Thinking}{section.5.2}% 8
\BOOKMARK [2][-]{subsection.5.2.2}{Academic Standards for Each Area}{section.5.2}% 9
\BOOKMARK [2][-]{subsection.5.2.3}{Embedded Global Perspectives}{section.5.2}% 10
\BOOKMARK [2][-]{subsection.5.2.4}{Congruence}{section.5.2}% 11
\BOOKMARK [2][-]{subsection.5.2.5}{Student Work \205 Engagement in Learning}{section.5.2}% 12
\BOOKMARK [2][-]{subsection.5.2.6}{Curricular Review, Revision, and Evaluation}{section.5.2}% 13
\BOOKMARK [2][-]{subsection.5.2.7}{Collaborative Work}{section.5.2}% 14
\BOOKMARK [2][-]{subsection.5.2.8}{Articulation and Follow-up Studies}{section.5.2}% 15
\BOOKMARK [2][-]{subsection.5.2.9}{Research-based Knowledge}{section.5.2}% 16
\BOOKMARK [2][-]{subsection.5.2.10}{Planning Process}{section.5.2}% 17
\BOOKMARK [1][-]{section.5.3}{Support for Student and Personal Academic Growth}{chapter.5}% 18
\BOOKMARK [1][-]{section.5.4}{Resource Management and Development}{chapter.5}% 19
\BOOKMARK [0][-]{chapter.6}{Schoolwide Action Plan}{}% 20
\BOOKMARK [0][-]{chapter.7}{Appendix}{}% 21
