\BOOKMARK [0][-]{chapter.1}{Preface}{}% 1
\BOOKMARK [0][-]{chapter.2}{Student/Community Profile Data}{}% 2
\BOOKMARK [1][-]{section.2.1}{CMIS Identifying Information}{chapter.2}% 3
\BOOKMARK [1][-]{section.2.2}{CMIS: The School and the Community}{chapter.2}% 4
\BOOKMARK [1][-]{section.2.3}{CMIS Vision}{chapter.2}% 5
\BOOKMARK [1][-]{section.2.4}{CMIS Mission}{chapter.2}% 6
\BOOKMARK [1][-]{section.2.5}{Enrollment Patterns}{chapter.2}% 7
\BOOKMARK [1][-]{section.2.6}{Student Diversity}{chapter.2}% 8
\BOOKMARK [1][-]{section.2.7}{Criteria for Admission of Students}{chapter.2}% 9
\BOOKMARK [2][-]{subsection.2.7.1}{Standards for Entry}{section.2.7}% 10
\BOOKMARK [2][-]{subsection.2.7.2}{Admissions Committee Review Process}{section.2.7}% 11
\BOOKMARK [1][-]{section.2.8}{Student Post-Graduation Plans}{chapter.2}% 12
\BOOKMARK [2][-]{subsection.2.8.1}{College and University Placement}{section.2.8}% 13
\BOOKMARK [2][-]{subsection.2.8.2}{University Entrance}{section.2.8}% 14
\BOOKMARK [1][-]{section.2.9}{Faculty and Staff Data}{chapter.2}% 15
\BOOKMARK [1][-]{section.2.10}{Staff Professional Development}{chapter.2}% 16
\BOOKMARK [1][-]{section.2.11}{Non-Academic Activities}{chapter.2}% 17
\BOOKMARK [1][-]{section.2.12}{School Finance}{chapter.2}% 18
\BOOKMARK [1][-]{section.2.13}{Discipline}{chapter.2}% 19
\BOOKMARK [1][-]{section.2.14}{Student Health}{chapter.2}% 20
\BOOKMARK [1][-]{section.2.15}{Student Service}{chapter.2}% 21
\BOOKMARK [1][-]{section.2.16}{Student Performance}{chapter.2}% 22
\BOOKMARK [1][-]{section.2.17}{School Community Services}{chapter.2}% 23
\BOOKMARK [1][-]{section.2.18}{Faculities Development - School Development Plan}{chapter.2}% 24
\BOOKMARK [1][-]{section.2.19}{Parent Teacher Group}{chapter.2}% 25
\BOOKMARK [1][-]{section.2.20}{School Executive Team}{chapter.2}% 26
\BOOKMARK [1][-]{section.2.21}{School Management Team}{chapter.2}% 27
\BOOKMARK [1][-]{section.2.22}{School Board}{chapter.2}% 28
\BOOKMARK [1][-]{section.2.23}{Teacher Administration Communication Team}{chapter.2}% 29
\BOOKMARK [1][-]{section.2.24}{Student Council}{chapter.2}% 30
\BOOKMARK [1][-]{section.2.25}{Conclusion}{chapter.2}% 31
\BOOKMARK [0][-]{chapter.3}{Progress Report}{}% 32
\BOOKMARK [0][-]{chapter.4}{Student/Community Profile Summary}{}% 33
\BOOKMARK [0][-]{chapter.5}{Self-Study Findings}{}% 34
\BOOKMARK [1][-]{section.5.1}{Organization for Student Learning}{chapter.5}% 35
\BOOKMARK [2][-]{subsection.5.1.1}{Current Educational Research and Thinking}{section.5.1}% 36
\BOOKMARK [0][-]{chapter.6}{Schoolwide Action Plan}{}% 37
\BOOKMARK [0][-]{chapter.7}{Appendix}{}% 38
