This is pdfTeX, Version 3.1415926-2.5-1.40.14 (TeX Live 2013/Debian) (format=latex 2016.5.11)  10 NOV 2016 09:55
entering extended mode
 restricted \write18 enabled.
 %&-line parsing enabled.
**parallel.drv
(./parallel.drv
LaTeX2e <2011/06/27>
Babel <3.9h> and hyphenation patterns for 2 languages loaded.
(/usr/share/texlive/texmf-dist/tex/latex/base/ltxdoc.cls
Document Class: ltxdoc 2007/11/11 v2.0u Standard LaTeX documentation class
(/usr/share/texlive/texmf-dist/tex/latex/base/article.cls
Document Class: article 2007/10/19 v1.4h Standard LaTeX document class
(/usr/share/texlive/texmf-dist/tex/latex/base/size10.clo
File: size10.clo 2007/10/19 v1.4h Standard LaTeX file (size option)
)
\c@part=\count79
\c@section=\count80
\c@subsection=\count81
\c@subsubsection=\count82
\c@paragraph=\count83
\c@subparagraph=\count84
\c@figure=\count85
\c@table=\count86
\abovecaptionskip=\skip41
\belowcaptionskip=\skip42
\bibindent=\dimen102
)
(/usr/share/texlive/texmf-dist/tex/latex/base/doc.sty
Package: doc 2010/02/04 v2.1e Standard LaTeX documentation package (FMi)
\c@StandardModuleDepth=\count87
\guard@level=\count88
\MacrocodeTopsep=\skip43
\MacroIndent=\dimen103
\macro@cnt=\count89
\MacroTopsep=\skip44
\index@excludelist=\toks14

(/usr/share/texlive/texmf-dist/tex/latex/tools/multicol.sty
Package: multicol 2011/06/27 v1.7a multicolumn formatting (FMi)
\c@tracingmulticols=\count90
\mult@box=\box26
\multicol@leftmargin=\dimen104
\c@unbalance=\count91
\c@collectmore=\count92
\doublecol@number=\count93
\multicoltolerance=\count94
\multicolpretolerance=\count95
\full@width=\dimen105
\page@free=\dimen106
\premulticols=\dimen107
\postmulticols=\dimen108
\multicolsep=\skip45
\multicolbaselineskip=\skip46
\partial@page=\box27
\last@line=\box28
\mult@rightbox=\box29
\mult@grightbox=\box30
\mult@gfirstbox=\box31
\mult@firstbox=\box32
\@tempa=\box33
\@tempa=\box34
\@tempa=\box35
\@tempa=\box36
\@tempa=\box37
\@tempa=\box38
\@tempa=\box39
\@tempa=\box40
\@tempa=\box41
\@tempa=\box42
\@tempa=\box43
\@tempa=\box44
\@tempa=\box45
\@tempa=\box46
\@tempa=\box47
\@tempa=\box48
\@tempa=\box49
\c@columnbadness=\count96
\c@finalcolumnbadness=\count97
\last@try=\dimen109
\multicolovershoot=\dimen110
\multicolundershoot=\dimen111
\mult@nat@firstbox=\box50
\colbreak@box=\box51
\multicol@sort@counter=\count98
)
\IndexMin=\dimen112
\c@IndexColumns=\count99
\GlossaryMin=\dimen113
\c@GlossaryColumns=\count100
\check@sum=\count101
\bslash@cnt=\count102
\wrong@table=\toks15
\c@CodelineNo=\count103
)) (./parallel.sty
Package: parallel 2003/04/13, setting two texts parallel (me)

`parallel': setting two texts parallel, (beta 4) 2003/04/13.
\ParallelLWidth=\dimen114
\ParallelRWidth=\dimen115
\ParallelTextWidth=\dimen116
\ParallelLeftMargin=\dimen117
\ParallelUserMidSkip=\dimen118
\ParallelMainMidSkip=\dimen119
\ParallelLBox=\box52
\ParallelRBox=\box53
\ParallelBoxVar=\box54
\ParallelLTok=\box55
\ParallelRTok=\box56
\ParallelBoolVar=\count104
\ParallelBoolMid=\count105
\ParallelWhichBox=\count106
\ParallelMainMode=\count107
\ParallelFNMode=\count108
\ParallelLFNCounter=\count109
\ParallelRFNCounter=\count110
\ParallelMaxFN=\count111
\ParallelFNNumMode=\count112
) (./parallel.aux)
\openout1 = `parallel.aux'.

LaTeX Font Info:    Checking defaults for OML/cmm/m/it on input line 38.
LaTeX Font Info:    ... okay on input line 38.
LaTeX Font Info:    Checking defaults for T1/cmr/m/n on input line 38.
LaTeX Font Info:    ... okay on input line 38.
LaTeX Font Info:    Checking defaults for OT1/cmr/m/n on input line 38.
LaTeX Font Info:    ... okay on input line 38.
LaTeX Font Info:    Checking defaults for OMS/cmsy/m/n on input line 38.
LaTeX Font Info:    ... okay on input line 38.
LaTeX Font Info:    Checking defaults for OMX/cmex/m/n on input line 38.
LaTeX Font Info:    ... okay on input line 38.
LaTeX Font Info:    Checking defaults for U/cmr/m/n on input line 38.
LaTeX Font Info:    ... okay on input line 38.
Package doc Info: Made | a short reference for \verb on input line 38.

(./parallel.dtx
***************************
* Character table correct *
***************************
Package doc Info: | already a short reference for \verb(*) on input line 102.
[1

]
LaTeX Font Info:    External font `cmex10' loaded for size
(Font)              <17.28> on input line 116.
LaTeX Font Info:    External font `cmex10' loaded for size
(Font)              <12> on input line 116.
LaTeX Font Info:    External font `cmex10' loaded for size
(Font)              <8> on input line 116.
LaTeX Font Info:    External font `cmex10' loaded for size
(Font)              <6> on input line 116.
LaTeX Font Info:    External font `cmex10' loaded for size
(Font)              <5> on input line 116.
 (./parallel.toc
LaTeX Font Info:    External font `cmex10' loaded for size
(Font)              <7> on input line 2.
 [2]
LaTeX Font Info:    Font shape `OT1/cmtt/bx/n' in size <10> not available
(Font)              Font shape `OT1/cmtt/m/n' tried instead on input line 22.
)
\tf@toc=\write3
\openout3 = `parallel.toc'.

 [3]
LaTeX Font Info:    Try loading font information for OMS+cmr on input line 241.


(/usr/share/texlive/texmf-dist/tex/latex/base/omscmr.fd
File: omscmr.fd 1999/05/25 v2.5h Standard LaTeX font definitions
)
LaTeX Font Info:    Font shape `OMS/cmr/m/n' in size <10> not available
(Font)              Font shape `OMS/cmsy/m/n' tried instead on input line 241.
 [4]
LaTeX Font Info:    External font `cmex10' loaded for size
(Font)              <9> on input line 304.
 [5] [6] [7]
[8] [9] [10] [11] [12] [13] [14] [15]
Package doc Info: Deleted | as a short reference for \verb(*) on input line 924
.
 [16]
LaTeX Font Info:    Font shape `OT1/cmtt/bx/n' in size <14.4> not available
(Font)              Font shape `OT1/cmtt/m/n' tried instead on input line 928.
 [17]
*******************
* Checksum passed *
*******************
)
Overfull \vbox (15.3444pt too high) detected at line 49
 []


Overfull \vbox (15.3444pt too high) detected at line 49
 []


Overfull \vbox (15.3444pt too high) detected at line 70
 []


Overfull \vbox (15.3444pt too high) detected at line 70
 []

[18] [19] (./parallel.aux) ) 
Here is how much of TeX's memory you used:
 672 strings out of 495029
 8465 string characters out of 6181523
 70400 words of memory out of 5000000
 3924 multiletter control sequences out of 15000+600000
 12913 words of font info for 46 fonts, out of 8000000 for 9000
 14 hyphenation exceptions out of 8191
 30i,8n,21p,232b,302s stack positions out of 5000i,500n,10000p,200000b,80000s

Output written on parallel.dvi (19 pages, 53468 bytes).
